2017-10-21 10:07:17,331  INFO AnnotationConfigEmbeddedWebApplicationContext:984 - Closing org.springframework.boot.context.embedded.AnnotationConfigEmbeddedWebApplicationContext@130f889: startup date [Fri Oct 20 20:18:47 CST 2017]; root of context hierarchy
2017-10-21 10:07:17,437  INFO DefaultLifecycleProcessor:358 - Stopping beans in phase 2147483647
2017-10-21 10:07:17,477  INFO AnnotationMBeanExporter:449 - Unregistering JMX-exposed beans on shutdown
2017-10-21 20:46:12,825  INFO SpearApplication:48 - Starting SpearApplication on maweiyideMackBook-Pro with PID 1848 (/Users/maweiyi/WriteCode/spear/target/classes started by maweiyi in /Users/maweiyi/WriteCode/spear)
2017-10-21 20:46:12,830  INFO SpearApplication:593 - No active profile set, falling back to default profiles: default
2017-10-21 20:46:13,025  INFO AnnotationConfigEmbeddedWebApplicationContext:583 - Refreshing org.springframework.boot.context.embedded.AnnotationConfigEmbeddedWebApplicationContext@130f889: startup date [Sat Oct 21 20:46:13 CST 2017]; root of context hierarchy
2017-10-21 20:46:13,177  INFO Version:30 - HV000001: Hibernate Validator 5.3.5.Final
2017-10-21 20:46:14,423  INFO DefaultListableBeanFactory:828 - Overriding bean definition for bean 'dataSource' with a different definition: replacing [Root bean: class [null]; scope=; abstract=false; lazyInit=false; autowireMode=3; dependencyCheck=0; autowireCandidate=true; primary=false; factoryBeanName=org.springframework.boot.autoconfigure.jdbc.DataSourceConfiguration$Generic; factoryMethodName=dataSource; initMethodName=null; destroyMethodName=(inferred); defined in class path resource [org/springframework/boot/autoconfigure/jdbc/DataSourceConfiguration$Generic.class]] with [Root bean: class [null]; scope=; abstract=false; lazyInit=false; autowireMode=3; dependencyCheck=0; autowireCandidate=true; primary=false; factoryBeanName=org.springframework.boot.autoconfigure.jdbc.DataSourceConfiguration$Tomcat; factoryMethodName=dataSource; initMethodName=null; destroyMethodName=(inferred); defined in class path resource [org/springframework/boot/autoconfigure/jdbc/DataSourceConfiguration$Tomcat.class]]
2017-10-21 20:46:14,531  INFO RepositoryConfigurationDelegate:165 - Multiple Spring Data modules found, entering strict repository configuration mode!
2017-10-21 20:46:14,609  INFO DefaultListableBeanFactory:828 - Overriding bean definition for bean 'propertySourcesPlaceholderConfigurer' with a different definition: replacing [Root bean: class [org.springframework.boot.autoconfigure.context.PropertyPlaceholderAutoConfiguration]; scope=; abstract=false; lazyInit=false; autowireMode=3; dependencyCheck=0; autowireCandidate=true; primary=false; factoryBeanName=null; factoryMethodName=propertySourcesPlaceholderConfigurer; initMethodName=null; destroyMethodName=(inferred); defined in class path resource [org/springframework/boot/autoconfigure/context/PropertyPlaceholderAutoConfiguration.class]] with [Root bean: class [org.springframework.boot.autoconfigure.session.RedisSessionConfiguration$SpringBootRedisHttpSessionConfiguration]; scope=; abstract=false; lazyInit=false; autowireMode=3; dependencyCheck=0; autowireCandidate=true; primary=false; factoryBeanName=null; factoryMethodName=propertySourcesPlaceholderConfigurer; initMethodName=null; destroyMethodName=(inferred); defined in class path resource [org/springframework/boot/autoconfigure/session/RedisSessionConfiguration$SpringBootRedisHttpSessionConfiguration.class]]
2017-10-21 20:46:15,928  INFO TomcatEmbeddedServletContainer:89 - Tomcat initialized with port(s): 8080 (http)
2017-10-21 20:46:16,047  INFO ContextLoader:276 - Root WebApplicationContext: initialization completed in 3027 ms
2017-10-21 20:46:16,441  INFO ServletRegistrationBean:190 - Mapping servlet: 'dispatcherServlet' to [/]
2017-10-21 20:46:16,453  INFO FilterRegistrationBean:258 - Mapping filter: 'characterEncodingFilter' to: [/*]
2017-10-21 20:46:16,454  INFO FilterRegistrationBean:258 - Mapping filter: 'springSessionRepositoryFilter' to: [/*]
2017-10-21 20:46:16,455  INFO FilterRegistrationBean:258 - Mapping filter: 'hiddenHttpMethodFilter' to: [/*]
2017-10-21 20:46:16,455  INFO FilterRegistrationBean:258 - Mapping filter: 'httpPutFormContentFilter' to: [/*]
2017-10-21 20:46:16,455  INFO FilterRegistrationBean:258 - Mapping filter: 'requestContextFilter' to: [/*]
2017-10-21 20:46:17,446  INFO RequestMappingHandlerAdapter:534 - Looking for @ControllerAdvice: org.springframework.boot.context.embedded.AnnotationConfigEmbeddedWebApplicationContext@130f889: startup date [Sat Oct 21 20:46:13 CST 2017]; root of context hierarchy
2017-10-21 20:46:17,506  INFO RequestMappingHandlerMapping:543 - Mapped "{[/install],methods=[GET]}" onto public org.springframework.web.servlet.ModelAndView me.maweiyi.spear.controller.InstallController.install()
2017-10-21 20:46:17,508  INFO RequestMappingHandlerMapping:543 - Mapped "{[/install],methods=[POST]}" onto public me.maweiyi.spear.R me.maweiyi.spear.controller.InstallController.doInstall(javax.servlet.http.HttpServletRequest,me.maweiyi.spear.domain.Option)
2017-10-21 20:46:17,510  INFO RequestMappingHandlerMapping:543 - Mapped "{[/admin/logout],methods=[GET]}" onto public void me.maweiyi.spear.controller.admin.AuthController.logOut(javax.servlet.http.HttpServletRequest,javax.servlet.http.HttpServletResponse) throws java.io.IOException
2017-10-21 20:46:17,511  INFO RequestMappingHandlerMapping:543 - Mapped "{[/admin/login],methods=[GET]}" onto public java.lang.String me.maweiyi.spear.controller.admin.AuthController.login(javax.servlet.http.HttpServletResponse)
2017-10-21 20:46:17,511  INFO RequestMappingHandlerMapping:543 - Mapped "{[/admin/login],methods=[POST]}" onto public me.maweiyi.spear.R me.maweiyi.spear.controller.admin.AuthController.doLogin(javax.servlet.http.HttpServletRequest,java.lang.String,java.lang.String,java.lang.String) throws java.io.UnsupportedEncodingException,java.security.NoSuchAlgorithmException
2017-10-21 20:46:17,512  INFO RequestMappingHandlerMapping:543 - Mapped "{[/admin/index],methods=[GET]}" onto public org.springframework.web.servlet.ModelAndView me.maweiyi.spear.controller.admin.IndexController.index()
2017-10-21 20:46:17,514  INFO RequestMappingHandlerMapping:543 - Mapped "{[/error]}" onto public org.springframework.http.ResponseEntity<java.util.Map<java.lang.String, java.lang.Object>> org.springframework.boot.autoconfigure.web.BasicErrorController.error(javax.servlet.http.HttpServletRequest)
2017-10-21 20:46:17,515  INFO RequestMappingHandlerMapping:543 - Mapped "{[/error],produces=[text/html]}" onto public org.springframework.web.servlet.ModelAndView org.springframework.boot.autoconfigure.web.BasicErrorController.errorHtml(javax.servlet.http.HttpServletRequest,javax.servlet.http.HttpServletResponse)
2017-10-21 20:46:17,544  INFO SimpleUrlHandlerMapping:362 - Mapped URL path [/static/**] onto handler of type [class org.springframework.web.servlet.resource.ResourceHttpRequestHandler]
2017-10-21 20:46:17,544  INFO SimpleUrlHandlerMapping:362 - Mapped URL path [/webjars/**] onto handler of type [class org.springframework.web.servlet.resource.ResourceHttpRequestHandler]
2017-10-21 20:46:17,544  INFO SimpleUrlHandlerMapping:362 - Mapped URL path [/**] onto handler of type [class org.springframework.web.servlet.resource.ResourceHttpRequestHandler]
2017-10-21 20:46:17,578  INFO SimpleUrlHandlerMapping:362 - Mapped URL path [/**/favicon.ico] onto handler of type [class org.springframework.web.servlet.resource.ResourceHttpRequestHandler]
2017-10-21 20:46:17,976  INFO FreeMarkerConfigurer:127 - ClassTemplateLoader for Spring macros added to FreeMarker configuration
2017-10-21 20:46:18,206  INFO AnnotationMBeanExporter:431 - Registering beans for JMX exposure on startup
2017-10-21 20:46:18,218  INFO DefaultLifecycleProcessor:343 - Starting beans in phase 2147483647
2017-10-21 20:46:18,232  INFO ScheduledAnnotationBeanPostProcessor:262 - No TaskScheduler/ScheduledExecutorService bean found for scheduled processing
2017-10-21 20:46:18,294  INFO TomcatEmbeddedServletContainer:201 - Tomcat started on port(s): 8080 (http)
2017-10-21 20:46:18,301  INFO SpearApplication:57 - Started SpearApplication in 6.073 seconds (JVM running for 7.887)
2017-10-21 20:48:11,032  INFO DispatcherServlet:489 - FrameworkServlet 'dispatcherServlet': initialization started
2017-10-21 20:48:11,158  INFO DispatcherServlet:508 - FrameworkServlet 'dispatcherServlet': initialization completed in 125 ms
2017-10-21 21:31:47,833  INFO AnnotationConfigEmbeddedWebApplicationContext:984 - Closing org.springframework.boot.context.embedded.AnnotationConfigEmbeddedWebApplicationContext@130f889: startup date [Sat Oct 21 20:46:13 CST 2017]; root of context hierarchy
2017-10-21 21:31:47,846  INFO DefaultLifecycleProcessor:358 - Stopping beans in phase 2147483647
2017-10-21 21:31:47,853  INFO AnnotationMBeanExporter:449 - Unregistering JMX-exposed beans on shutdown
2017-10-21 21:31:52,532  INFO SpearApplication:48 - Starting SpearApplication on maweiyideMackBook-Pro with PID 2308 (/Users/maweiyi/WriteCode/spear/target/classes started by maweiyi in /Users/maweiyi/WriteCode/spear)
2017-10-21 21:31:52,534  INFO SpearApplication:593 - No active profile set, falling back to default profiles: default
2017-10-21 21:31:52,606  INFO AnnotationConfigEmbeddedWebApplicationContext:583 - Refreshing org.springframework.boot.context.embedded.AnnotationConfigEmbeddedWebApplicationContext@130f889: startup date [Sat Oct 21 21:31:52 CST 2017]; root of context hierarchy
2017-10-21 21:31:52,816  INFO Version:30 - HV000001: Hibernate Validator 5.3.5.Final
2017-10-21 21:31:53,656  INFO DefaultListableBeanFactory:828 - Overriding bean definition for bean 'dataSource' with a different definition: replacing [Root bean: class [null]; scope=; abstract=false; lazyInit=false; autowireMode=3; dependencyCheck=0; autowireCandidate=true; primary=false; factoryBeanName=org.springframework.boot.autoconfigure.jdbc.DataSourceConfiguration$Generic; factoryMethodName=dataSource; initMethodName=null; destroyMethodName=(inferred); defined in class path resource [org/springframework/boot/autoconfigure/jdbc/DataSourceConfiguration$Generic.class]] with [Root bean: class [null]; scope=; abstract=false; lazyInit=false; autowireMode=3; dependencyCheck=0; autowireCandidate=true; primary=false; factoryBeanName=org.springframework.boot.autoconfigure.jdbc.DataSourceConfiguration$Tomcat; factoryMethodName=dataSource; initMethodName=null; destroyMethodName=(inferred); defined in class path resource [org/springframework/boot/autoconfigure/jdbc/DataSourceConfiguration$Tomcat.class]]
2017-10-21 21:31:53,689  INFO RepositoryConfigurationDelegate:165 - Multiple Spring Data modules found, entering strict repository configuration mode!
2017-10-21 21:31:53,774  INFO DefaultListableBeanFactory:828 - Overriding bean definition for bean 'propertySourcesPlaceholderConfigurer' with a different definition: replacing [Root bean: class [org.springframework.boot.autoconfigure.context.PropertyPlaceholderAutoConfiguration]; scope=; abstract=false; lazyInit=false; autowireMode=3; dependencyCheck=0; autowireCandidate=true; primary=false; factoryBeanName=null; factoryMethodName=propertySourcesPlaceholderConfigurer; initMethodName=null; destroyMethodName=(inferred); defined in class path resource [org/springframework/boot/autoconfigure/context/PropertyPlaceholderAutoConfiguration.class]] with [Root bean: class [org.springframework.boot.autoconfigure.session.RedisSessionConfiguration$SpringBootRedisHttpSessionConfiguration]; scope=; abstract=false; lazyInit=false; autowireMode=3; dependencyCheck=0; autowireCandidate=true; primary=false; factoryBeanName=null; factoryMethodName=propertySourcesPlaceholderConfigurer; initMethodName=null; destroyMethodName=(inferred); defined in class path resource [org/springframework/boot/autoconfigure/session/RedisSessionConfiguration$SpringBootRedisHttpSessionConfiguration.class]]
2017-10-21 21:31:54,533  INFO TomcatEmbeddedServletContainer:89 - Tomcat initialized with port(s): 8080 (http)
2017-10-21 21:31:54,617  INFO ContextLoader:276 - Root WebApplicationContext: initialization completed in 2014 ms
2017-10-21 21:31:54,934  INFO ServletRegistrationBean:190 - Mapping servlet: 'dispatcherServlet' to [/]
2017-10-21 21:31:54,937  INFO FilterRegistrationBean:258 - Mapping filter: 'characterEncodingFilter' to: [/*]
2017-10-21 21:31:54,938  INFO FilterRegistrationBean:258 - Mapping filter: 'springSessionRepositoryFilter' to: [/*]
2017-10-21 21:31:54,938  INFO FilterRegistrationBean:258 - Mapping filter: 'hiddenHttpMethodFilter' to: [/*]
2017-10-21 21:31:54,938  INFO FilterRegistrationBean:258 - Mapping filter: 'httpPutFormContentFilter' to: [/*]
2017-10-21 21:31:54,938  INFO FilterRegistrationBean:258 - Mapping filter: 'requestContextFilter' to: [/*]
2017-10-21 21:31:55,609  INFO RequestMappingHandlerAdapter:534 - Looking for @ControllerAdvice: org.springframework.boot.context.embedded.AnnotationConfigEmbeddedWebApplicationContext@130f889: startup date [Sat Oct 21 21:31:52 CST 2017]; root of context hierarchy
2017-10-21 21:31:55,651  INFO RequestMappingHandlerMapping:543 - Mapped "{[/install],methods=[GET]}" onto public org.springframework.web.servlet.ModelAndView me.maweiyi.spear.controller.InstallController.install()
2017-10-21 21:31:55,652  INFO RequestMappingHandlerMapping:543 - Mapped "{[/install],methods=[POST]}" onto public me.maweiyi.spear.R me.maweiyi.spear.controller.InstallController.doInstall(javax.servlet.http.HttpServletRequest,me.maweiyi.spear.domain.Option)
2017-10-21 21:31:55,654  INFO RequestMappingHandlerMapping:543 - Mapped "{[/admin/article/publish]}" onto public org.springframework.web.servlet.ModelAndView me.maweiyi.spear.controller.admin.ArticleController.newArticle()
2017-10-21 21:31:55,655  INFO RequestMappingHandlerMapping:543 - Mapped "{[/admin/login],methods=[GET]}" onto public java.lang.String me.maweiyi.spear.controller.admin.AuthController.login(javax.servlet.http.HttpServletResponse)
2017-10-21 21:31:55,656  INFO RequestMappingHandlerMapping:543 - Mapped "{[/admin/login],methods=[POST]}" onto public me.maweiyi.spear.R me.maweiyi.spear.controller.admin.AuthController.doLogin(javax.servlet.http.HttpServletRequest,java.lang.String,java.lang.String,java.lang.String) throws java.io.UnsupportedEncodingException,java.security.NoSuchAlgorithmException
2017-10-21 21:31:55,657  INFO RequestMappingHandlerMapping:543 - Mapped "{[/admin/logout],methods=[GET]}" onto public void me.maweiyi.spear.controller.admin.AuthController.logOut(javax.servlet.http.HttpServletRequest,javax.servlet.http.HttpServletResponse) throws java.io.IOException
2017-10-21 21:31:55,658  INFO RequestMappingHandlerMapping:543 - Mapped "{[/admin/index],methods=[GET]}" onto public org.springframework.web.servlet.ModelAndView me.maweiyi.spear.controller.admin.IndexController.index()
2017-10-21 21:31:55,660  INFO RequestMappingHandlerMapping:543 - Mapped "{[/error]}" onto public org.springframework.http.ResponseEntity<java.util.Map<java.lang.String, java.lang.Object>> org.springframework.boot.autoconfigure.web.BasicErrorController.error(javax.servlet.http.HttpServletRequest)
2017-10-21 21:31:55,661  INFO RequestMappingHandlerMapping:543 - Mapped "{[/error],produces=[text/html]}" onto public org.springframework.web.servlet.ModelAndView org.springframework.boot.autoconfigure.web.BasicErrorController.errorHtml(javax.servlet.http.HttpServletRequest,javax.servlet.http.HttpServletResponse)
2017-10-21 21:31:55,688  INFO SimpleUrlHandlerMapping:362 - Mapped URL path [/static/**] onto handler of type [class org.springframework.web.servlet.resource.ResourceHttpRequestHandler]
2017-10-21 21:31:55,688  INFO SimpleUrlHandlerMapping:362 - Mapped URL path [/webjars/**] onto handler of type [class org.springframework.web.servlet.resource.ResourceHttpRequestHandler]
2017-10-21 21:31:55,688  INFO SimpleUrlHandlerMapping:362 - Mapped URL path [/**] onto handler of type [class org.springframework.web.servlet.resource.ResourceHttpRequestHandler]
2017-10-21 21:31:55,718  INFO SimpleUrlHandlerMapping:362 - Mapped URL path [/**/favicon.ico] onto handler of type [class org.springframework.web.servlet.resource.ResourceHttpRequestHandler]
2017-10-21 21:31:56,021  INFO FreeMarkerConfigurer:127 - ClassTemplateLoader for Spring macros added to FreeMarker configuration
2017-10-21 21:31:56,181  INFO AnnotationMBeanExporter:431 - Registering beans for JMX exposure on startup
2017-10-21 21:31:56,189  INFO DefaultLifecycleProcessor:343 - Starting beans in phase 2147483647
2017-10-21 21:31:56,200  INFO ScheduledAnnotationBeanPostProcessor:262 - No TaskScheduler/ScheduledExecutorService bean found for scheduled processing
2017-10-21 21:31:56,259  INFO TomcatEmbeddedServletContainer:201 - Tomcat started on port(s): 8080 (http)
2017-10-21 21:31:56,265  INFO SpearApplication:57 - Started SpearApplication in 4.07 seconds (JVM running for 4.964)
2017-10-21 21:35:55,819  INFO DispatcherServlet:489 - FrameworkServlet 'dispatcherServlet': initialization started
2017-10-21 21:35:55,833  INFO DispatcherServlet:508 - FrameworkServlet 'dispatcherServlet': initialization completed in 13 ms
2017-10-21 21:36:50,020  INFO AnnotationConfigEmbeddedWebApplicationContext:984 - Closing org.springframework.boot.context.embedded.AnnotationConfigEmbeddedWebApplicationContext@130f889: startup date [Sat Oct 21 21:31:52 CST 2017]; root of context hierarchy
2017-10-21 21:36:50,023  INFO DefaultLifecycleProcessor:358 - Stopping beans in phase 2147483647
2017-10-21 21:36:50,026  INFO AnnotationMBeanExporter:449 - Unregistering JMX-exposed beans on shutdown
2017-10-21 21:36:52,921  INFO SpearApplication:48 - Starting SpearApplication on maweiyideMackBook-Pro with PID 2346 (/Users/maweiyi/WriteCode/spear/target/classes started by maweiyi in /Users/maweiyi/WriteCode/spear)
2017-10-21 21:36:52,922  INFO SpearApplication:593 - No active profile set, falling back to default profiles: default
2017-10-21 21:36:52,981  INFO AnnotationConfigEmbeddedWebApplicationContext:583 - Refreshing org.springframework.boot.context.embedded.AnnotationConfigEmbeddedWebApplicationContext@130f889: startup date [Sat Oct 21 21:36:52 CST 2017]; root of context hierarchy
2017-10-21 21:36:53,136  INFO Version:30 - HV000001: Hibernate Validator 5.3.5.Final
2017-10-21 21:36:54,031  INFO DefaultListableBeanFactory:828 - Overriding bean definition for bean 'dataSource' with a different definition: replacing [Root bean: class [null]; scope=; abstract=false; lazyInit=false; autowireMode=3; dependencyCheck=0; autowireCandidate=true; primary=false; factoryBeanName=org.springframework.boot.autoconfigure.jdbc.DataSourceConfiguration$Generic; factoryMethodName=dataSource; initMethodName=null; destroyMethodName=(inferred); defined in class path resource [org/springframework/boot/autoconfigure/jdbc/DataSourceConfiguration$Generic.class]] with [Root bean: class [null]; scope=; abstract=false; lazyInit=false; autowireMode=3; dependencyCheck=0; autowireCandidate=true; primary=false; factoryBeanName=org.springframework.boot.autoconfigure.jdbc.DataSourceConfiguration$Tomcat; factoryMethodName=dataSource; initMethodName=null; destroyMethodName=(inferred); defined in class path resource [org/springframework/boot/autoconfigure/jdbc/DataSourceConfiguration$Tomcat.class]]
2017-10-21 21:36:54,091  INFO RepositoryConfigurationDelegate:165 - Multiple Spring Data modules found, entering strict repository configuration mode!
2017-10-21 21:36:54,182  INFO DefaultListableBeanFactory:828 - Overriding bean definition for bean 'propertySourcesPlaceholderConfigurer' with a different definition: replacing [Root bean: class [org.springframework.boot.autoconfigure.context.PropertyPlaceholderAutoConfiguration]; scope=; abstract=false; lazyInit=false; autowireMode=3; dependencyCheck=0; autowireCandidate=true; primary=false; factoryBeanName=null; factoryMethodName=propertySourcesPlaceholderConfigurer; initMethodName=null; destroyMethodName=(inferred); defined in class path resource [org/springframework/boot/autoconfigure/context/PropertyPlaceholderAutoConfiguration.class]] with [Root bean: class [org.springframework.boot.autoconfigure.session.RedisSessionConfiguration$SpringBootRedisHttpSessionConfiguration]; scope=; abstract=false; lazyInit=false; autowireMode=3; dependencyCheck=0; autowireCandidate=true; primary=false; factoryBeanName=null; factoryMethodName=propertySourcesPlaceholderConfigurer; initMethodName=null; destroyMethodName=(inferred); defined in class path resource [org/springframework/boot/autoconfigure/session/RedisSessionConfiguration$SpringBootRedisHttpSessionConfiguration.class]]
2017-10-21 21:36:54,894  INFO TomcatEmbeddedServletContainer:89 - Tomcat initialized with port(s): 8080 (http)
2017-10-21 21:36:54,974  INFO ContextLoader:276 - Root WebApplicationContext: initialization completed in 1997 ms
2017-10-21 21:36:55,262  INFO ServletRegistrationBean:190 - Mapping servlet: 'dispatcherServlet' to [/]
2017-10-21 21:36:55,268  INFO FilterRegistrationBean:258 - Mapping filter: 'characterEncodingFilter' to: [/*]
2017-10-21 21:36:55,268  INFO FilterRegistrationBean:258 - Mapping filter: 'springSessionRepositoryFilter' to: [/*]
2017-10-21 21:36:55,268  INFO FilterRegistrationBean:258 - Mapping filter: 'hiddenHttpMethodFilter' to: [/*]
2017-10-21 21:36:55,268  INFO FilterRegistrationBean:258 - Mapping filter: 'httpPutFormContentFilter' to: [/*]
2017-10-21 21:36:55,269  INFO FilterRegistrationBean:258 - Mapping filter: 'requestContextFilter' to: [/*]
2017-10-21 21:36:55,941  INFO RequestMappingHandlerAdapter:534 - Looking for @ControllerAdvice: org.springframework.boot.context.embedded.AnnotationConfigEmbeddedWebApplicationContext@130f889: startup date [Sat Oct 21 21:36:52 CST 2017]; root of context hierarchy
2017-10-21 21:36:55,988  INFO RequestMappingHandlerMapping:543 - Mapped "{[/install],methods=[GET]}" onto public org.springframework.web.servlet.ModelAndView me.maweiyi.spear.controller.InstallController.install()
2017-10-21 21:36:55,990  INFO RequestMappingHandlerMapping:543 - Mapped "{[/install],methods=[POST]}" onto public me.maweiyi.spear.R me.maweiyi.spear.controller.InstallController.doInstall(javax.servlet.http.HttpServletRequest,me.maweiyi.spear.domain.Option)
2017-10-21 21:36:55,991  INFO RequestMappingHandlerMapping:543 - Mapped "{[/admin/article/publish]}" onto public org.springframework.web.servlet.ModelAndView me.maweiyi.spear.controller.admin.ArticleController.newArticle()
2017-10-21 21:36:55,993  INFO RequestMappingHandlerMapping:543 - Mapped "{[/admin/login],methods=[POST]}" onto public me.maweiyi.spear.R me.maweiyi.spear.controller.admin.AuthController.doLogin(javax.servlet.http.HttpServletRequest,java.lang.String,java.lang.String,java.lang.String) throws java.io.UnsupportedEncodingException,java.security.NoSuchAlgorithmException
2017-10-21 21:36:55,993  INFO RequestMappingHandlerMapping:543 - Mapped "{[/admin/login],methods=[GET]}" onto public java.lang.String me.maweiyi.spear.controller.admin.AuthController.login(javax.servlet.http.HttpServletResponse)
2017-10-21 21:36:55,994  INFO RequestMappingHandlerMapping:543 - Mapped "{[/admin/logout],methods=[GET]}" onto public void me.maweiyi.spear.controller.admin.AuthController.logOut(javax.servlet.http.HttpServletRequest,javax.servlet.http.HttpServletResponse) throws java.io.IOException
2017-10-21 21:36:55,995  INFO RequestMappingHandlerMapping:543 - Mapped "{[/admin/index],methods=[GET]}" onto public org.springframework.web.servlet.ModelAndView me.maweiyi.spear.controller.admin.IndexController.index()
2017-10-21 21:36:55,997  INFO RequestMappingHandlerMapping:543 - Mapped "{[/error]}" onto public org.springframework.http.ResponseEntity<java.util.Map<java.lang.String, java.lang.Object>> org.springframework.boot.autoconfigure.web.BasicErrorController.error(javax.servlet.http.HttpServletRequest)
2017-10-21 21:36:55,998  INFO RequestMappingHandlerMapping:543 - Mapped "{[/error],produces=[text/html]}" onto public org.springframework.web.servlet.ModelAndView org.springframework.boot.autoconfigure.web.BasicErrorController.errorHtml(javax.servlet.http.HttpServletRequest,javax.servlet.http.HttpServletResponse)
2017-10-21 21:36:56,029  INFO SimpleUrlHandlerMapping:362 - Mapped URL path [/static/**] onto handler of type [class org.springframework.web.servlet.resource.ResourceHttpRequestHandler]
2017-10-21 21:36:56,029  INFO SimpleUrlHandlerMapping:362 - Mapped URL path [/webjars/**] onto handler of type [class org.springframework.web.servlet.resource.ResourceHttpRequestHandler]
2017-10-21 21:36:56,030  INFO SimpleUrlHandlerMapping:362 - Mapped URL path [/**] onto handler of type [class org.springframework.web.servlet.resource.ResourceHttpRequestHandler]
2017-10-21 21:36:56,064  INFO SimpleUrlHandlerMapping:362 - Mapped URL path [/**/favicon.ico] onto handler of type [class org.springframework.web.servlet.resource.ResourceHttpRequestHandler]
2017-10-21 21:36:56,411  INFO FreeMarkerConfigurer:127 - ClassTemplateLoader for Spring macros added to FreeMarker configuration
2017-10-21 21:36:56,588  INFO AnnotationMBeanExporter:431 - Registering beans for JMX exposure on startup
2017-10-21 21:36:56,596  INFO DefaultLifecycleProcessor:343 - Starting beans in phase 2147483647
2017-10-21 21:36:56,608  INFO ScheduledAnnotationBeanPostProcessor:262 - No TaskScheduler/ScheduledExecutorService bean found for scheduled processing
2017-10-21 21:36:56,661  INFO TomcatEmbeddedServletContainer:201 - Tomcat started on port(s): 8080 (http)
2017-10-21 21:36:56,667  INFO SpearApplication:57 - Started SpearApplication in 4.127 seconds (JVM running for 4.904)
2017-10-21 21:37:11,449  INFO DispatcherServlet:489 - FrameworkServlet 'dispatcherServlet': initialization started
2017-10-21 21:37:11,462  INFO DispatcherServlet:508 - FrameworkServlet 'dispatcherServlet': initialization completed in 12 ms
2017-10-21 21:37:14,192 ERROR runtime:59 - Error executing FreeMarker template
FreeMarker template error:
The following has evaluated to null or missing:
==> version  [in template "admin/article_edit.ftl" at line 158, column 40]

----
Tip: If the failing expression is known to be legally refer to something that's sometimes null or missing, either specify a default value like myOptionalVar!myDefault, or use <#if myOptionalVar??>when-present<#else>when-missing</#if>. (These only cover the last step of the expression; to cover the whole expression, use parenthesis: (myOptionalVar.foo)!myDefault, (myOptionalVar.foo)??
----

----
FTL stack trace ("~" means nesting-related):
	- Failed at: ${version}  [in template "admin/article_edit.ftl" at line 158, column 38]
----

Java stack trace (for programmers):
----
freemarker.core.InvalidReferenceException: [... Exception message was already printed; see it above ...]
	at freemarker.core.InvalidReferenceException.getInstance(InvalidReferenceException.java:134)
	at freemarker.core.EvalUtil.coerceModelToTextualCommon(EvalUtil.java:465)
	at freemarker.core.EvalUtil.coerceModelToStringOrMarkup(EvalUtil.java:387)
	at freemarker.core.EvalUtil.coerceModelToStringOrMarkup(EvalUtil.java:356)
	at freemarker.core.DollarVariable.calculateInterpolatedStringOrMarkup(DollarVariable.java:96)
	at freemarker.core.DollarVariable.accept(DollarVariable.java:59)
	at freemarker.core.Environment.visit(Environment.java:326)
	at freemarker.core.Environment.visit(Environment.java:332)
	at freemarker.core.Environment.process(Environment.java:305)
	at freemarker.template.Template.process(Template.java:378)
	at org.springframework.web.servlet.view.freemarker.FreeMarkerView.processTemplate(FreeMarkerView.java:367)
	at org.springframework.web.servlet.view.freemarker.FreeMarkerView.doRender(FreeMarkerView.java:284)
	at org.springframework.web.servlet.view.freemarker.FreeMarkerView.renderMergedTemplateModel(FreeMarkerView.java:234)
	at org.springframework.web.servlet.view.AbstractTemplateView.renderMergedOutputModel(AbstractTemplateView.java:167)
	at org.springframework.web.servlet.view.AbstractView.render(AbstractView.java:303)
	at org.springframework.web.servlet.DispatcherServlet.render(DispatcherServlet.java:1286)
	at org.springframework.web.servlet.DispatcherServlet.processDispatchResult(DispatcherServlet.java:1041)
	at org.springframework.web.servlet.DispatcherServlet.doDispatch(DispatcherServlet.java:984)
	at org.springframework.web.servlet.DispatcherServlet.doService(DispatcherServlet.java:901)
	at org.springframework.web.servlet.FrameworkServlet.processRequest(FrameworkServlet.java:970)
	at org.springframework.web.servlet.FrameworkServlet.doGet(FrameworkServlet.java:861)
	at javax.servlet.http.HttpServlet.service(HttpServlet.java:635)
	at org.springframework.web.servlet.FrameworkServlet.service(FrameworkServlet.java:846)
	at javax.servlet.http.HttpServlet.service(HttpServlet.java:742)
	at org.apache.catalina.core.ApplicationFilterChain.internalDoFilter(ApplicationFilterChain.java:231)
	at org.apache.catalina.core.ApplicationFilterChain.doFilter(ApplicationFilterChain.java:166)
	at org.apache.tomcat.websocket.server.WsFilter.doFilter(WsFilter.java:52)
	at org.apache.catalina.core.ApplicationFilterChain.internalDoFilter(ApplicationFilterChain.java:193)
	at org.apache.catalina.core.ApplicationFilterChain.doFilter(ApplicationFilterChain.java:166)
	at org.springframework.web.filter.RequestContextFilter.doFilterInternal(RequestContextFilter.java:99)
	at org.springframework.web.filter.OncePerRequestFilter.doFilter(OncePerRequestFilter.java:107)
	at org.apache.catalina.core.ApplicationFilterChain.internalDoFilter(ApplicationFilterChain.java:193)
	at org.apache.catalina.core.ApplicationFilterChain.doFilter(ApplicationFilterChain.java:166)
	at org.springframework.web.filter.HttpPutFormContentFilter.doFilterInternal(HttpPutFormContentFilter.java:108)
	at org.springframework.web.filter.OncePerRequestFilter.doFilter(OncePerRequestFilter.java:107)
	at org.apache.catalina.core.ApplicationFilterChain.internalDoFilter(ApplicationFilterChain.java:193)
	at org.apache.catalina.core.ApplicationFilterChain.doFilter(ApplicationFilterChain.java:166)
	at org.springframework.web.filter.HiddenHttpMethodFilter.doFilterInternal(HiddenHttpMethodFilter.java:81)
	at org.springframework.web.filter.OncePerRequestFilter.doFilter(OncePerRequestFilter.java:107)
	at org.apache.catalina.core.ApplicationFilterChain.internalDoFilter(ApplicationFilterChain.java:193)
	at org.apache.catalina.core.ApplicationFilterChain.doFilter(ApplicationFilterChain.java:166)
	at org.springframework.session.web.http.SessionRepositoryFilter.doFilterInternal(SessionRepositoryFilter.java:167)
	at org.springframework.session.web.http.OncePerRequestFilter.doFilter(OncePerRequestFilter.java:80)
	at org.apache.catalina.core.ApplicationFilterChain.internalDoFilter(ApplicationFilterChain.java:193)
	at org.apache.catalina.core.ApplicationFilterChain.doFilter(ApplicationFilterChain.java:166)
	at org.springframework.web.filter.CharacterEncodingFilter.doFilterInternal(CharacterEncodingFilter.java:197)
	at org.springframework.web.filter.OncePerRequestFilter.doFilter(OncePerRequestFilter.java:107)
	at org.apache.catalina.core.ApplicationFilterChain.internalDoFilter(ApplicationFilterChain.java:193)
	at org.apache.catalina.core.ApplicationFilterChain.doFilter(ApplicationFilterChain.java:166)
	at org.apache.catalina.core.StandardWrapperValve.invoke(StandardWrapperValve.java:198)
	at org.apache.catalina.core.StandardContextValve.invoke(StandardContextValve.java:96)
	at org.apache.catalina.authenticator.AuthenticatorBase.invoke(AuthenticatorBase.java:478)
	at org.apache.catalina.core.StandardHostValve.invoke(StandardHostValve.java:140)
	at org.apache.catalina.valves.ErrorReportValve.invoke(ErrorReportValve.java:80)
	at org.apache.catalina.core.StandardEngineValve.invoke(StandardEngineValve.java:87)
	at org.apache.catalina.connector.CoyoteAdapter.service(CoyoteAdapter.java:342)
	at org.apache.coyote.http11.Http11Processor.service(Http11Processor.java:799)
	at org.apache.coyote.AbstractProcessorLight.process(AbstractProcessorLight.java:66)
	at org.apache.coyote.AbstractProtocol$ConnectionHandler.process(AbstractProtocol.java:868)
	at org.apache.tomcat.util.net.NioEndpoint$SocketProcessor.doRun(NioEndpoint.java:1457)
	at org.apache.tomcat.util.net.SocketProcessorBase.run(SocketProcessorBase.java:49)
	at java.util.concurrent.ThreadPoolExecutor.runWorker(ThreadPoolExecutor.java:1149)
	at java.util.concurrent.ThreadPoolExecutor$Worker.run(ThreadPoolExecutor.java:624)
	at org.apache.tomcat.util.threads.TaskThread$WrappingRunnable.run(TaskThread.java:61)
	at java.lang.Thread.run(Thread.java:748)
2017-10-21 21:37:41,138  INFO AnnotationConfigEmbeddedWebApplicationContext:984 - Closing org.springframework.boot.context.embedded.AnnotationConfigEmbeddedWebApplicationContext@130f889: startup date [Sat Oct 21 21:36:52 CST 2017]; root of context hierarchy
2017-10-21 21:37:41,140  INFO DefaultLifecycleProcessor:358 - Stopping beans in phase 2147483647
2017-10-21 21:37:41,143  INFO AnnotationMBeanExporter:449 - Unregistering JMX-exposed beans on shutdown
2017-10-21 21:37:44,229  INFO SpearApplication:48 - Starting SpearApplication on maweiyideMackBook-Pro with PID 2367 (/Users/maweiyi/WriteCode/spear/target/classes started by maweiyi in /Users/maweiyi/WriteCode/spear)
2017-10-21 21:37:44,232  INFO SpearApplication:593 - No active profile set, falling back to default profiles: default
2017-10-21 21:37:44,313  INFO AnnotationConfigEmbeddedWebApplicationContext:583 - Refreshing org.springframework.boot.context.embedded.AnnotationConfigEmbeddedWebApplicationContext@130f889: startup date [Sat Oct 21 21:37:44 CST 2017]; root of context hierarchy
2017-10-21 21:37:44,515  INFO Version:30 - HV000001: Hibernate Validator 5.3.5.Final
2017-10-21 21:37:45,403  INFO DefaultListableBeanFactory:828 - Overriding bean definition for bean 'dataSource' with a different definition: replacing [Root bean: class [null]; scope=; abstract=false; lazyInit=false; autowireMode=3; dependencyCheck=0; autowireCandidate=true; primary=false; factoryBeanName=org.springframework.boot.autoconfigure.jdbc.DataSourceConfiguration$Generic; factoryMethodName=dataSource; initMethodName=null; destroyMethodName=(inferred); defined in class path resource [org/springframework/boot/autoconfigure/jdbc/DataSourceConfiguration$Generic.class]] with [Root bean: class [null]; scope=; abstract=false; lazyInit=false; autowireMode=3; dependencyCheck=0; autowireCandidate=true; primary=false; factoryBeanName=org.springframework.boot.autoconfigure.jdbc.DataSourceConfiguration$Tomcat; factoryMethodName=dataSource; initMethodName=null; destroyMethodName=(inferred); defined in class path resource [org/springframework/boot/autoconfigure/jdbc/DataSourceConfiguration$Tomcat.class]]
2017-10-21 21:37:45,447  INFO RepositoryConfigurationDelegate:165 - Multiple Spring Data modules found, entering strict repository configuration mode!
2017-10-21 21:37:45,556  INFO DefaultListableBeanFactory:828 - Overriding bean definition for bean 'propertySourcesPlaceholderConfigurer' with a different definition: replacing [Root bean: class [org.springframework.boot.autoconfigure.context.PropertyPlaceholderAutoConfiguration]; scope=; abstract=false; lazyInit=false; autowireMode=3; dependencyCheck=0; autowireCandidate=true; primary=false; factoryBeanName=null; factoryMethodName=propertySourcesPlaceholderConfigurer; initMethodName=null; destroyMethodName=(inferred); defined in class path resource [org/springframework/boot/autoconfigure/context/PropertyPlaceholderAutoConfiguration.class]] with [Root bean: class [org.springframework.boot.autoconfigure.session.RedisSessionConfiguration$SpringBootRedisHttpSessionConfiguration]; scope=; abstract=false; lazyInit=false; autowireMode=3; dependencyCheck=0; autowireCandidate=true; primary=false; factoryBeanName=null; factoryMethodName=propertySourcesPlaceholderConfigurer; initMethodName=null; destroyMethodName=(inferred); defined in class path resource [org/springframework/boot/autoconfigure/session/RedisSessionConfiguration$SpringBootRedisHttpSessionConfiguration.class]]
2017-10-21 21:37:46,309  INFO TomcatEmbeddedServletContainer:89 - Tomcat initialized with port(s): 8080 (http)
2017-10-21 21:37:46,396  INFO ContextLoader:276 - Root WebApplicationContext: initialization completed in 2087 ms
2017-10-21 21:37:46,799  INFO ServletRegistrationBean:190 - Mapping servlet: 'dispatcherServlet' to [/]
2017-10-21 21:37:46,802  INFO FilterRegistrationBean:258 - Mapping filter: 'characterEncodingFilter' to: [/*]
2017-10-21 21:37:46,802  INFO FilterRegistrationBean:258 - Mapping filter: 'springSessionRepositoryFilter' to: [/*]
2017-10-21 21:37:46,803  INFO FilterRegistrationBean:258 - Mapping filter: 'hiddenHttpMethodFilter' to: [/*]
2017-10-21 21:37:46,803  INFO FilterRegistrationBean:258 - Mapping filter: 'httpPutFormContentFilter' to: [/*]
2017-10-21 21:37:46,803  INFO FilterRegistrationBean:258 - Mapping filter: 'requestContextFilter' to: [/*]
2017-10-21 21:37:47,498  INFO RequestMappingHandlerAdapter:534 - Looking for @ControllerAdvice: org.springframework.boot.context.embedded.AnnotationConfigEmbeddedWebApplicationContext@130f889: startup date [Sat Oct 21 21:37:44 CST 2017]; root of context hierarchy
2017-10-21 21:37:47,547  INFO RequestMappingHandlerMapping:543 - Mapped "{[/install],methods=[GET]}" onto public org.springframework.web.servlet.ModelAndView me.maweiyi.spear.controller.InstallController.install()
2017-10-21 21:37:47,549  INFO RequestMappingHandlerMapping:543 - Mapped "{[/install],methods=[POST]}" onto public me.maweiyi.spear.R me.maweiyi.spear.controller.InstallController.doInstall(javax.servlet.http.HttpServletRequest,me.maweiyi.spear.domain.Option)
2017-10-21 21:37:47,550  INFO RequestMappingHandlerMapping:543 - Mapped "{[/admin/article/publish]}" onto public org.springframework.web.servlet.ModelAndView me.maweiyi.spear.controller.admin.ArticleController.newArticle()
2017-10-21 21:37:47,551  INFO RequestMappingHandlerMapping:543 - Mapped "{[/admin/login],methods=[POST]}" onto public me.maweiyi.spear.R me.maweiyi.spear.controller.admin.AuthController.doLogin(javax.servlet.http.HttpServletRequest,java.lang.String,java.lang.String,java.lang.String) throws java.io.UnsupportedEncodingException,java.security.NoSuchAlgorithmException
2017-10-21 21:37:47,551  INFO RequestMappingHandlerMapping:543 - Mapped "{[/admin/login],methods=[GET]}" onto public java.lang.String me.maweiyi.spear.controller.admin.AuthController.login(javax.servlet.http.HttpServletResponse)
2017-10-21 21:37:47,552  INFO RequestMappingHandlerMapping:543 - Mapped "{[/admin/logout],methods=[GET]}" onto public void me.maweiyi.spear.controller.admin.AuthController.logOut(javax.servlet.http.HttpServletRequest,javax.servlet.http.HttpServletResponse) throws java.io.IOException
2017-10-21 21:37:47,553  INFO RequestMappingHandlerMapping:543 - Mapped "{[/admin/index],methods=[GET]}" onto public org.springframework.web.servlet.ModelAndView me.maweiyi.spear.controller.admin.IndexController.index()
2017-10-21 21:37:47,555  INFO RequestMappingHandlerMapping:543 - Mapped "{[/error]}" onto public org.springframework.http.ResponseEntity<java.util.Map<java.lang.String, java.lang.Object>> org.springframework.boot.autoconfigure.web.BasicErrorController.error(javax.servlet.http.HttpServletRequest)
2017-10-21 21:37:47,556  INFO RequestMappingHandlerMapping:543 - Mapped "{[/error],produces=[text/html]}" onto public org.springframework.web.servlet.ModelAndView org.springframework.boot.autoconfigure.web.BasicErrorController.errorHtml(javax.servlet.http.HttpServletRequest,javax.servlet.http.HttpServletResponse)
2017-10-21 21:37:47,585  INFO SimpleUrlHandlerMapping:362 - Mapped URL path [/static/**] onto handler of type [class org.springframework.web.servlet.resource.ResourceHttpRequestHandler]
2017-10-21 21:37:47,585  INFO SimpleUrlHandlerMapping:362 - Mapped URL path [/webjars/**] onto handler of type [class org.springframework.web.servlet.resource.ResourceHttpRequestHandler]
2017-10-21 21:37:47,585  INFO SimpleUrlHandlerMapping:362 - Mapped URL path [/**] onto handler of type [class org.springframework.web.servlet.resource.ResourceHttpRequestHandler]
2017-10-21 21:37:47,617  INFO SimpleUrlHandlerMapping:362 - Mapped URL path [/**/favicon.ico] onto handler of type [class org.springframework.web.servlet.resource.ResourceHttpRequestHandler]
2017-10-21 21:37:47,925  INFO FreeMarkerConfigurer:127 - ClassTemplateLoader for Spring macros added to FreeMarker configuration
2017-10-21 21:37:48,106  INFO AnnotationMBeanExporter:431 - Registering beans for JMX exposure on startup
2017-10-21 21:37:48,113  INFO DefaultLifecycleProcessor:343 - Starting beans in phase 2147483647
2017-10-21 21:37:48,123  INFO ScheduledAnnotationBeanPostProcessor:262 - No TaskScheduler/ScheduledExecutorService bean found for scheduled processing
2017-10-21 21:37:48,179  INFO TomcatEmbeddedServletContainer:201 - Tomcat started on port(s): 8080 (http)
2017-10-21 21:37:48,185  INFO SpearApplication:57 - Started SpearApplication in 4.203 seconds (JVM running for 5.497)
2017-10-21 21:40:51,615  INFO DispatcherServlet:489 - FrameworkServlet 'dispatcherServlet': initialization started
2017-10-21 21:40:51,631  INFO DispatcherServlet:508 - FrameworkServlet 'dispatcherServlet': initialization completed in 14 ms
